1 . 说散就散  播放时长： 4:02
歌手： 袁娅维
专辑： 说散就散
电影《前任3：再见前任》主题曲
发行时间： 2017-12-13 00:00:00
--------------------------------------------------------------------
2 . 广东十年爱情故事  播放时长： 3:34
歌手： 广东雨神
专辑： 广东十年爱情故事
发行时间： 2017-10-18 12:59:31
--------------------------------------------------------------------
3 . 说散就散  播放时长： 3:50
歌手： JC
专辑： 说散就散
发行时间： 2016-06-14 00:00:00
--------------------------------------------------------------------
4 . 体面  播放时长： 5:00
歌手： 冯允澈
专辑： 体面
发行时间： 2017-11-15 15:25:25
--------------------------------------------------------------------
5 . 说散就散  播放时长： 3:51
歌手： 艾福杰尼
专辑： 说散就散
电影《前任3：再见前任》主题曲
发行时间： 2017-12-14 00:00:00
--------------------------------------------------------------------
6 . 追光者  播放时长： 3:55
歌手： 岑宁儿
专辑： 夏至未至 影视原声带
电视剧《夏至未至》插曲
发行时间： 2017-06-13 00:00:00
--------------------------------------------------------------------
7 . 空空如也   播放时长： 3:33
歌手： 任然
专辑： 空空如也
发行时间： 2017-12-28 00:00:00
--------------------------------------------------------------------
8 . 红昭愿  播放时长： 2:53
歌手： 音阙诗听
专辑： 红昭愿
发行时间： 2017-01-11 00:00:00
--------------------------------------------------------------------
9 . 80000 （Prod.By DROYC）  播放时长： 1:48
歌手： PRC 巴音汗
专辑： 80000
发行时间： 2017-09-19 12:52:32
--------------------------------------------------------------------
10 . 全部都是你  播放时长： 3:23
歌手： Dragon Pig
专辑： 全部都是你
发行时间： 2017-03-16 00:00:00
--------------------------------------------------------------------
11 . 再也没有  播放时长： 3:32
歌手： Ryan.B
专辑： 再也没有
发行时间： 2017-05-31 00:00:00
--------------------------------------------------------------------
12 . Psycho (Pt. 2)  播放时长： 2:42
歌手： Russ
专辑： Psycho (Pt. 2)
发行时间： 2016-11-09 00:00:00
--------------------------------------------------------------------
13 . Shape of You  播放时长： 3:51
歌手： Ed Sheeran
专辑： Shape Of You
发行时间： 2017-01-06 00:00:00
--------------------------------------------------------------------
14 . 童话镇  播放时长： 4:17
歌手： 陈一发儿
专辑： 童话镇
发行时间： 2016-09-28 00:00:00
--------------------------------------------------------------------
15 . 文爱  播放时长： 3:20
歌手： CG
专辑： 文爱
发行时间： 2017-05-17 21:36:47
--------------------------------------------------------------------
16 . 带你去旅行  播放时长： 3:45
歌手： 校长
专辑： 带你去旅行
发行时间： 2017-08-10 00:00:00
--------------------------------------------------------------------
17 . 尽头  播放时长： 4:16
歌手： 赵方婧
专辑： 音阙诗听
发行时间： 2016-12-21 00:00:00
--------------------------------------------------------------------
18 . Despacito (Remix)  播放时长： 3:48
歌手： Luis Fonsi
专辑： Despacito (Remix)
发行时间： 2017-04-17 00:00:00
--------------------------------------------------------------------
19 . 再见前任  播放时长： 3:20
歌手： 冯提莫
专辑： 再见前任
电影《前任3：再见前任》同名宣传曲
发行时间： 2017-12-20 00:00:00
--------------------------------------------------------------------
20 . 醉赤壁  播放时长： 4:41
歌手： 林俊杰
专辑： JJ陆
网游《赤壁Online》主题曲
发行时间： 2008-10-18 00:00:00
--------------------------------------------------------------------
21 . 我们不一样  播放时长： 4:30
歌手： 大壮
专辑： 我们不一样
发行时间： 2017-06-06 00:00:00
--------------------------------------------------------------------
22 . Please Don't Go  播放时长： 3:30
歌手： Joel Adams
专辑： Please Don't Go
发行时间： 2015-11-02 00:00:00
--------------------------------------------------------------------
23 . 非酋  播放时长： 2:52
歌手： 薛明媛
专辑： 非酋
发行时间： 2017-07-10 00:00:00
--------------------------------------------------------------------
24 . 9420  播放时长： 3:49
歌手： 麦小兜
专辑： 9420
发行时间： 2017-10-24 00:00:00
--------------------------------------------------------------------
25 . 成都  播放时长： 5:28
歌手： 赵雷
专辑： 成都
发行时间： 2016-10-24 00:00:00
--------------------------------------------------------------------
26 . Panama  播放时长： 3:20
歌手： Matteo
专辑： Panama
发行时间： 2013-10-02 00:00:00
--------------------------------------------------------------------
27 . 远走高飞  播放时长： 4:01
歌手： 金志文
专辑： Hello 1
发行时间： 2017-04-24 00:00:00
--------------------------------------------------------------------
28 . 岁月神偷  播放时长： 2:42
歌手： 金玟岐
专辑： 金玟岐作品集
发行时间： 2014-03-03 00:00:00
--------------------------------------------------------------------
29 . Time  播放时长： 3:56
歌手： MKJ
专辑： Time
发行时间： 2015-04-25 00:00:00
--------------------------------------------------------------------
30 . 过客  播放时长： 4:30
歌手： 是阿涵阿
专辑： 过客
发行时间： 2016-12-08 00:00:00
--------------------------------------------------------------------
31 . 7538(Me U-Remix)  播放时长： 3:30
歌手： KT
专辑： 7538(Me U-Remix)
发行时间： 2017-06-23 07:53:57
--------------------------------------------------------------------
32 . Dream It Possible  播放时长： 3:24
歌手： Delacey
专辑： Dream It Possible
发行时间： 2015-12-10 18:10:59
--------------------------------------------------------------------
33 . 小半  播放时长： 4:57
歌手： 陈粒
专辑： 小梦大半
发行时间： 2016-07-26 00:00:00
--------------------------------------------------------------------
34 . Something Just Like This  播放时长： 4:07
歌手： The Chainsmokers
专辑： Something Just Like This
发行时间： 2017-02-25 00:00:00
--------------------------------------------------------------------
35 . Зая  播放时长： 3:40
歌手： Бамбинтон
专辑： Зая
发行时间： 2017-02-17 08:00:00
--------------------------------------------------------------------
36 . Nevada  播放时长： 3:28
歌手： Vicetone
专辑： Nevada
发行时间： 2016-06-24 00:00:00
--------------------------------------------------------------------
37 . 告白气球  播放时长： 3:35
歌手： 周杰伦
专辑： 周杰伦的床边故事
发行时间： 2016-06-23 23:59:04
--------------------------------------------------------------------
38 . I Am You  播放时长： 4:34
歌手： Kim Taylor
专辑： I Am You
发行时间： 2009-03-01 00:00:00
--------------------------------------------------------------------
39 . 可乐  播放时长： 5:45
歌手： 赵紫骅
专辑： 赵浴辰原创demo精选
发行时间： 2014-05-05 00:00:00
--------------------------------------------------------------------
40 . 狐狸  播放时长： 3:54
歌手： 薛之谦
专辑： 狐狸
电影《二代妖精之今生有幸》推广曲
发行时间： 2017-12-22 08:00:00
--------------------------------------------------------------------
41 . BINGBIAN病变  播放时长： 4:01
歌手： Cubi
专辑： BINGBIAN病变
发行时间： 2017-06-23 17:56:15
--------------------------------------------------------------------
42 . 差一步  播放时长： 4:05
歌手： 大壮
专辑： 差一步
发行时间： 2017-11-13 00:00:00
--------------------------------------------------------------------
43 . 刚好遇见你  播放时长： 3:20
歌手： 李玉刚
专辑： 刚好遇见你
发行时间： 2016-11-14 00:00:00
--------------------------------------------------------------------
44 . The truth that you leave  播放时长： 3:43
歌手： Pianoboy
专辑： The truth that you leave
发行时间： 2005-09-08 00:00:00
--------------------------------------------------------------------
45 . 理想三旬  播放时长： 3:30
歌手： 陈鸿宇
专辑： 浓烟下的诗歌电台
发行时间： 2015-12-31 00:00:00
--------------------------------------------------------------------
46 . 安和桥  播放时长： 4:11
歌手： 宋冬野
专辑： 安和桥北
发行时间： 2013-08-26 00:00:00
--------------------------------------------------------------------
47 . #Lov3 #Ngẫu Hứng  播放时长： 1:15
歌手： Hoaprox
专辑： #Lov3 #Ngẫu Hứng
PDD洪荒之力
发行时间： 2015-09-19 00:00:00
--------------------------------------------------------------------
48 . 在人间  播放时长： 3:54
歌手： 王建房
专辑： 长安夜
发行时间： 2014-01-13 00:00:00
--------------------------------------------------------------------
49 . Five Hundred Miles  播放时长： 3:26
歌手： Justin Timberlake
专辑： Inside Llewyn Davis
《醉乡民谣》插曲
发行时间： 2013-09-17 00:00:00
--------------------------------------------------------------------
50 . 体面  播放时长： 5:26
歌手： 迟青
专辑： 体面
发行时间： 2017-11-24 11:52:21
--------------------------------------------------------------------
51 . 世界上的另一个我  播放时长： 3:58
歌手： 阿肆
专辑： 世界上的另一个我
发行时间： 2017-10-24 00:00:00
--------------------------------------------------------------------
52 . 想把你留在这里  播放时长： 3:37
歌手： Tizzy T
专辑： 想把你留在这里
电影《芳华》推广曲
发行时间： 2017-11-28 00:00:00
--------------------------------------------------------------------
53 . We Don't Talk Anymore  播放时长： 3:37
歌手： Charlie Puth
专辑： Nine Track Mind
发行时间： 2016-01-29 00:00:00
--------------------------------------------------------------------
54 . Wannabe (Spice Girls Cover)  播放时长： 3:38
歌手： Unlike Pluto
专辑： Wannabe
发行时间： 2017-08-25 00:00:00
--------------------------------------------------------------------
55 . Havana  播放时长： 3:36
歌手： Camila Cabello
专辑： Havana
发行时间： 2017-08-03 08:00:00
--------------------------------------------------------------------
56 . 最美情侣  播放时长： 4:01
歌手： 白小白
专辑： 最美情侣
发行时间： 2017-04-04 00:00:00
--------------------------------------------------------------------
57 . Faded  播放时长： 3:32
歌手： Alan Walker
专辑： Faded
发行时间： 2015-11-25 00:00:00
--------------------------------------------------------------------
58 . 退  播放时长： 4:01
歌手： 蒋蒋
专辑： 退
发行时间： 2017-09-28 00:00:00
--------------------------------------------------------------------
59 . 水星记  播放时长： 5:25
歌手： 郭顶
专辑： 飞行器的执行周期
发行时间： 2016-11-25 00:00:00
--------------------------------------------------------------------
60 . 凉凉  播放时长： 4:34
歌手： 张碧晨
专辑： 我想和你唱 第二季 第4期
发行时间： 2017-05-20 00:00:00
--------------------------------------------------------------------
61 . How Long  播放时长： 3:17
歌手： Charlie Puth
专辑： How Long
发行时间： 2017-10-06 08:00:00
--------------------------------------------------------------------
62 . 男孩  播放时长： 3:59
歌手： 梁博
专辑： 我想和你唱 第二季 第7期
发行时间： 2017-06-10 00:00:00
--------------------------------------------------------------------
63 . Take me hand  播放时长： 4:19
歌手： DAISHI DANCE
专辑： WONDER Tourism
发行时间： 2012-11-14 00:00:00
--------------------------------------------------------------------
64 . 爱的就是你  播放时长： 4:33
歌手： 刘佳
专辑： 爱的就是你
发行时间： 2011-10-24 00:00:00
--------------------------------------------------------------------
65 . 枷锁  播放时长： 3:21
歌手： 高颖
专辑： 柒个我 影视剧原声带
电视剧《柒个我》片尾曲
发行时间： 2017-12-25 00:00:00
--------------------------------------------------------------------
66 . 春风十里  播放时长： 6:15
歌手： 鹿先森乐队
专辑： 所有的酒，都不如你
发行时间： 2016-11-09 00:00:00
--------------------------------------------------------------------
67 . 我多喜欢你，你会知道  播放时长： 3:19
歌手： 王俊琪
专辑： 致我们单纯的小美好 电视原声带
网剧《致我们单纯的小美好》推广曲
发行时间： 2017-09-29 00:00:00
--------------------------------------------------------------------
68 . 暧昧  播放时长： 5:12
歌手： 薛之谦
专辑： 渡
发行时间： 2017-04-11 00:00:00
--------------------------------------------------------------------
69 . 短发  播放时长： 3:12
歌手： LAMPHO
专辑： 短发（The Girl With Short Hair）
发行时间： 2017-12-07 00:00:00
--------------------------------------------------------------------
70 . 喜欢  播放时长： 4:10
歌手： 阿肆
专辑： 喜欢
发行时间： 2017-12-28 00:00:00
--------------------------------------------------------------------
71 . 像风一样  播放时长： 4:15
歌手： 薛之谦
专辑： 渡
发行时间： 2017-11-03 00:00:00
--------------------------------------------------------------------
72 . 九张机  播放时长： 3:40
歌手： 叶炫清
专辑： 九张机
网络剧《双世宠妃》主题曲
发行时间： 2017-07-04 00:00:00
--------------------------------------------------------------------
73 . 晴天  播放时长： 4:29
歌手： 周杰伦
专辑： 叶惠美
发行时间： 2003-07-31 00:00:00
--------------------------------------------------------------------
74 . Wicked Wonderland  播放时长： 3:37
歌手： Martin Tungevaag
专辑： Wicked Wonderland
发行时间： 2014-07-24 08:00:00
--------------------------------------------------------------------
75 . 遥远的歌  播放时长： 2:54
歌手： 刘惜君
专辑： 你好，旧时光 原声带
连续剧《你好，旧时光》片尾曲
发行时间： 2017-11-03 00:00:00
--------------------------------------------------------------------
76 . 打上花火  播放时长： 4:49
歌手： DAOKO
专辑： 打上花火
动画电影《升空的焰火，从下面看还是从侧面看?》主题曲
发行时间： 2017-08-16 00:00:00
--------------------------------------------------------------------
77 . All Falls Down  播放时长： 3:19
歌手： Alan Walker
专辑： All Falls Down
发行时间： 2017-10-27 08:00:00
--------------------------------------------------------------------
78 . 全世界谁倾听你   播放时长： 4:19
歌手： 林宥嘉
专辑： 全世界谁倾听你
电影《从你的全世界路过》插曲
发行时间： 2016-10-01 00:00:00
--------------------------------------------------------------------
79 . Seve  播放时长： 3:30
歌手： Tez Cadey
专辑： Seve
发行时间： 2015-01-26 00:00:00
--------------------------------------------------------------------
80 . Shape of You  播放时长： 2:52
歌手： J.Fla
专辑： Blossom
发行时间： 2017-03-10 00:00:00
--------------------------------------------------------------------
81 . 红色高跟鞋  播放时长： 3:26
歌手： 蔡健雅
专辑： 若你碰到他
发行时间： 2009-08-19 00:00:00
--------------------------------------------------------------------
82 . Closer  播放时长： 4:04
歌手： The Chainsmokers
专辑： Closer
发行时间： 2016-07-29 00:00:00
--------------------------------------------------------------------
83 . Beautiful Now  播放时长： 3:38
歌手： Zedd
专辑： True Colors
发行时间： 2015-05-19 00:00:00
--------------------------------------------------------------------
84 . Oops  播放时长： 3:24
歌手： Little Mix
专辑： Glory Days (Deluxe Concert Film Edition)
发行时间： 2016-11-18 00:00:00
--------------------------------------------------------------------
85 . 不找了  播放时长： 4:09
歌手： 郭旭
专辑： 郭旭的Demo
发行时间： 2014-12-01 00:00:00
--------------------------------------------------------------------
86 . Don't Wanna Know/We Don't Talk Anymore  播放时长： 3:31
歌手： Sam Tsui
专辑： Don't Wanna Know/We Don't Talk Anymore
发行时间： 2016-10-16 00:00:00
--------------------------------------------------------------------
87 . There For You  播放时长： 3:41
歌手： Martin Garrix
专辑： There For You
发行时间： 2017-05-26 00:00:00
--------------------------------------------------------------------
88 . #첫사랑  播放时长： 3:27
歌手： 脸红的思春期
专辑： #첫사랑
发行时间： 2018-01-10 00:00:00
--------------------------------------------------------------------
89 . 七月上  播放时长： 3:10
歌手： Jam
专辑： 七月上
发行时间： 2015-04-17 00:00:00
--------------------------------------------------------------------
90 . 千禧  播放时长： 3:19
歌手： 徐秉龙
专辑： 千禧
发行时间： 2017-12-09 00:00:00
--------------------------------------------------------------------
91 . 借我  播放时长： 4:17
歌手： 谢春花
专辑： 算云烟
发行时间： 2016-06-21 00:00:00
--------------------------------------------------------------------
92 . Sakura Tears  播放时长： 3:04
歌手： Nigel Silin
专辑： 最新热歌慢摇110
櫻花淚
发行时间： 2014-01-01 00:00:00
--------------------------------------------------------------------
93 . 《你的 体面》  播放时长： 1:50
歌手： 王子恺
专辑： 《前任的体面3》
发行时间： 2017-07-22 01:12:20
--------------------------------------------------------------------
94 . 骗自己PT.2 (Remix-下酒菜)  播放时长： 3:39
歌手： AY楊佬叁
专辑： 骗自己
发行时间： 2017-01-03 17:14:22
--------------------------------------------------------------------
95 . 老街  播放时长： 5:18
歌手： 李荣浩
专辑： 小黄
发行时间： 2010-09-09 00:00:00
--------------------------------------------------------------------
96 . 仙才叹  播放时长： 2:56
歌手： 朱峰
专辑： 国家宝藏 OST原声带
发行时间： 2018-01-16 00:00:00
--------------------------------------------------------------------
97 . FALL IN LOVE  播放时长： 3:42
歌手： 满舒克
专辑： FALL IN LOVE
发行时间： 2018-01-08 00:00:00
--------------------------------------------------------------------
98 . 房间  播放时长： 4:25
歌手： 刘瑞琦
专辑： 房间
发行时间： 2013-10-18 00:00:00
--------------------------------------------------------------------
99 . Heartbeat (Nightcore) [PØRPEL Remix]  播放时长： 2:46
歌手： PØRPEL
专辑： Heartbeat (Nightcore) [PØRPEL Remix]
发行时间： 2016-06-05 00:00:00
--------------------------------------------------------------------
100 . Es rappelt im Karton  播放时长： 3:24
歌手： Pixie Paris
专辑： Es rappelt im Karton
发行时间： 2014-11-04 00:00:00
--------------------------------------------------------------------
101 . 钟无艳  播放时长： 4:37
歌手： 谢安琪
专辑： 3/8
发行时间： 2007-12-11 00:00:00
--------------------------------------------------------------------
102 . 老大  播放时长： 2:43
歌手： Bridge
专辑： 老大
发行时间： 2017-08-07 00:00:00
--------------------------------------------------------------------
103 . The Spectre  播放时长： 3:13
歌手： Alan Walker
专辑： The Spectre
发行时间： 2017-09-15 00:00:00
--------------------------------------------------------------------
104 . 遇见  播放时长： 3:30
歌手： 孙燕姿
专辑： 经典全纪录(主打精华版)
发行时间： 2007-03-01 00:00:00
--------------------------------------------------------------------
105 . 化身孤岛的鲸  播放时长： 4:39
歌手： 不才
专辑： 翻唱
发行时间： 2016-12-20 17:03:27
--------------------------------------------------------------------
106 . 再见  播放时长： 4:29
歌手： 秦洋
专辑： 再见
发行时间： 2017-10-19 00:00:00
--------------------------------------------------------------------
107 . 等我们老了，就定居在重庆  播放时长： 4:23
歌手： 房东的猫
专辑： 等我们老了，就定居在重庆
发行时间： 2018-01-09 00:00:00
--------------------------------------------------------------------
108 . Victory  播放时长： 5:20
歌手： Two Steps From Hell
专辑： Battlecry
发行时间： 2015-04-28 00:00:00
--------------------------------------------------------------------
109 . 多想留在你身边  播放时长： 3:32
歌手： 刘增瞳
专辑： 多想留在你身边
发行时间： 2017-11-08 00:00:00
--------------------------------------------------------------------
110 . 演员  播放时长： 4:21
歌手： 薛之谦
专辑： 绅士
发行时间： 2015-06-05 00:00:00
--------------------------------------------------------------------
111 . 我要你  播放时长： 2:34
歌手： 任素汐
专辑： 我要你
电影《驴得水》主题曲
发行时间： 2016-10-26 00:00:00
--------------------------------------------------------------------
112 . 夜空中最亮的星  播放时长： 4:12
歌手： 逃跑计划
专辑： 世界
发行时间： 2012-01-01 00:00:00
--------------------------------------------------------------------
113 . 平凡之路  播放时长： 5:02
歌手： 朴树
专辑： 猎户星座
电影《后会无期》主题曲
发行时间： 2017-04-30 00:00:00
--------------------------------------------------------------------
114 . 你瞒我瞒  播放时长： 3:59
歌手： 陈柏宇
专辑： Can’t Be Half
发行时间： 2009-12-18 00:00:00
--------------------------------------------------------------------
115 . 天后  播放时长： 4:45
歌手： 陈势安
专辑： 天后(台湾版)
发行时间： 2010-10-08 00:00:00
--------------------------------------------------------------------
116 . 我喜欢上你时的内心活动  播放时长： 3:45
歌手： 陈绮贞
专辑： 我喜欢上你时的内心活动
电影《喜欢你》主题曲
发行时间： 2017-04-12 00:00:00
--------------------------------------------------------------------
117 . 矜持  播放时长： 4:18
歌手： 姚贝娜
专辑： 矜持
《前任攻略》主题曲
发行时间： 2014-01-06 00:00:00
--------------------------------------------------------------------
118 . 儿子，我是你爸爸  播放时长： 1:54
歌手： 王宝
专辑： 热门华语262
发行时间： 2015-01-01 00:00:00
--------------------------------------------------------------------
119 . 다시 너를  播放时长： 3:55
歌手： Mad Clown
专辑： 태양의 후예 OST Special Vol.1
发行时间： 2016-06-20 00:06:35
--------------------------------------------------------------------
120 . If You Leave Me Now  播放时长： 4:01
歌手： Charlie Puth
专辑： If You Leave Me Now
发行时间： 2018-01-04 00:00:00
--------------------------------------------------------------------
121 . 浮生  播放时长： 5:29
歌手： 刘莱斯
专辑： 浮生
发行时间： 2016-12-08 16:12:41
--------------------------------------------------------------------
122 . Samsara  播放时长： 3:32
歌手： Tungevaag & Raaban
专辑： Mujeres y Hombres y Viceversa: Los Hits del Verano 2015
发行时间： 2015-07-10 00:00:00
--------------------------------------------------------------------
123 . See You Again (feat. Charlie Puth)  播放时长： 3:50
歌手： Wiz Khalifa
专辑： Furious 7 (Original Motion Picture Soundtrack)
《速度与激情7》致敬保罗沃克插曲
发行时间： 2015-03-17 00:00:00
--------------------------------------------------------------------
124 . Here With You  播放时长： 3:45
歌手： Asher Book
专辑： Here With You
发行时间： 2012-08-29 00:00:00
--------------------------------------------------------------------
125 . 凉城  播放时长： 3:52
歌手： 任然
专辑： 后继者
发行时间： 2016-11-23 00:00:00
--------------------------------------------------------------------
126 . 不用去猜  播放时长： 3:33
歌手： Jony J
专辑： 不用去猜
发行时间： 2017-07-18 00:00:00
--------------------------------------------------------------------
127 . Trip  播放时长： 3:08
歌手： Axero
专辑： Trip
发行时间： 2015-11-10 00:00:00
--------------------------------------------------------------------
128 . 就是爱你  播放时长： 4:21
歌手： 陶喆
专辑： 太平盛世
发行时间： 2005-01-01 00:00:00
--------------------------------------------------------------------
129 . I Just Wanna Run  播放时长： 3:20
歌手： The Downtown Fiction
专辑： Best I Never Had
发行时间： 2009-03-23 00:00:00
--------------------------------------------------------------------
130 . 致姗姗来迟的你   播放时长： 4:06
歌手： 阿肆
专辑： 我愚蠢的理想主义
发行时间： 2016-09-29 00:00:00
--------------------------------------------------------------------
131 . 追梦赤子心  播放时长： 5:17
歌手： GALA
专辑： 追梦痴子心
动画《那年那兔那些事儿》第一季片尾曲
发行时间： 2011-03-24 00:00:00
--------------------------------------------------------------------
132 . 不要说话  播放时长： 4:45
歌手： 陈奕迅
专辑： 不想放手
发行时间： 2008-06-30 00:00:00
--------------------------------------------------------------------
133 . 勉为其难  播放时长： 4:09
歌手： 王冕
专辑： 勉为其难
发行时间： 2017-02-22 00:00:00
--------------------------------------------------------------------
134 . Freaks (Radio Edit)  播放时长： 2:48
歌手： Timmy Trumpet
专辑： Freaks
发行时间： 2014-03-17 00:00:00
--------------------------------------------------------------------
135 . 椿  播放时长： 3:37
歌手： 沈以诚
专辑： 椿
发行时间： 2017-05-20 14:50:51
--------------------------------------------------------------------
136 . 不为谁而作的歌  播放时长： 4:25
歌手： 林俊杰
专辑： 不为谁而作的歌
发行时间： 2016-01-04 09:57:50
--------------------------------------------------------------------
137 . 如果我爱你  播放时长： 2:51
歌手： 周冬雨
专辑： 如果我爱你
电视剧《春风十里，不如你》片头曲
发行时间： 2017-07-13 00:00:00
--------------------------------------------------------------------
138 . BOOM  播放时长： 2:34
歌手： Tiësto
专辑： BOOM
发行时间： 2017-04-24 00:00:00
--------------------------------------------------------------------
139 . Sugar  播放时长： 3:55
歌手： Maroon 5
专辑： V
发行时间： 2014-09-02 00:00:00
--------------------------------------------------------------------
140 . 大鱼  播放时长： 5:13
歌手： 周深
专辑： 大鱼
动画电影《大鱼海棠》印象曲
发行时间： 2016-05-19 23:57:36
--------------------------------------------------------------------
141 . Wolves  播放时长： 3:17
歌手： Selena Gomez
专辑： Wolves
发行时间： 2017-10-25 00:00:00
--------------------------------------------------------------------
142 . Drops  播放时长： 4:01
歌手： FKJ
专辑：  Drops
发行时间： 2015-07-21 00:00:00
--------------------------------------------------------------------
143 . 当你  播放时长： 4:11
歌手： 林俊杰
专辑： 她说 概念自选辑
发行时间： 2010-12-08 00:00:00
--------------------------------------------------------------------
144 . 我们不该这样的  播放时长： 3:46
歌手： 张赫宣
专辑： 北上广不相信眼泪 电视原声带
电视剧《北上广不相信眼泪》片尾曲
发行时间： 2015-11-14 00:00:00
--------------------------------------------------------------------
145 . 其实都没有  播放时长： 3:51
歌手： 杨宗纬
专辑： 初·爱
发行时间： 2013-03-29 00:00:00
--------------------------------------------------------------------
146 . 牵丝戏  播放时长： 3:59
歌手： 银临
专辑： 牵丝戏
发行时间： 2015-01-27 00:00:00
--------------------------------------------------------------------
147 . Counting Stars  播放时长： 4:17
歌手： OneRepublic
专辑： Native (Deluxe Version)
发行时间： 2013-03-22 00:00:00
--------------------------------------------------------------------
148 . 时光倒回  播放时长： 4:00
歌手： 郑恺
专辑： 前任2:备胎反击战 电影原声大碟
电影《前任攻略2》主题曲
发行时间： 2015-11-09 00:00:00
--------------------------------------------------------------------
149 . 给你们  播放时长： 4:48
歌手： 张宇
专辑： 雨一直下
发行时间： 1999-09-01 00:00:00
--------------------------------------------------------------------
150 . GQ  播放时长： 2:42
歌手： Lola Coca
专辑： GQ
发行时间： 2016-04-22 13:42:46
--------------------------------------------------------------------
151 . Attention  播放时长： 3:29
歌手： Charlie Puth
专辑： Attention
发行时间： 2017-04-21 00:00:00
--------------------------------------------------------------------
152 . 白山茶  播放时长： 4:14
歌手： 陈雪凝
专辑： 白山茶
发行时间： 2017-04-26 16:30:39
--------------------------------------------------------------------
153 . Hello  播放时长： 3:46
歌手： OMFG
专辑： Hello
发行时间： 2014-11-23 00:00:00
--------------------------------------------------------------------
154 . Into You  播放时长： 2:41
歌手： Matisse & Sadko
专辑： Into You
发行时间： 2017-12-08 00:00:00
--------------------------------------------------------------------
155 . 无问  播放时长： 4:18
歌手： 毛不易
专辑： 无问
电影《无问西东》宣传曲
发行时间： 2017-12-25 08:00:00
--------------------------------------------------------------------
156 . 走心小卖家  播放时长： 3:40
歌手： 张雪飞&菜刀
专辑： 走心小卖家
发行时间： 2017-07-28 23:49:13
--------------------------------------------------------------------
157 . My hot girl  播放时长： 3:52
歌手： UP GANG
专辑： UPGANG2015-2016部分歌曲合集
发行时间： 2016-11-27 22:34:27
--------------------------------------------------------------------
158 . 远走高飞 (合唱版)  播放时长： 3:55
歌手： 金志文
专辑： Hello 1
发行时间： 2017-05-02 00:00:00
--------------------------------------------------------------------
159 . So Far Away  播放时长： 3:03
歌手： Martin Garrix
专辑： So Far Away
发行时间： 2017-12-01 08:00:00
--------------------------------------------------------------------
160 . 啷个哩个啷  播放时长： 3:07
歌手： 鹏泊
专辑： 啷个哩个啷
发行时间： 2016-04-25 00:00:00
--------------------------------------------------------------------
161 . 感谢你曾来过  播放时长： 3:56
歌手： Ayo97
专辑： 卧龙与酒
发行时间： 2017-02-12 06:52:33
--------------------------------------------------------------------
162 . 易燃易爆炸  播放时长： 3:20
歌手： 陈粒
专辑： 如也
发行时间： 2015-02-02 00:00:00
--------------------------------------------------------------------
163 . 樱花树下的约定（咚鼓版）  播放时长： 1:50
歌手： 孙大剩
专辑： 樱花树下的约定
发行时间： 2018-01-09 01:48:17
--------------------------------------------------------------------
164 . 不再犹豫  播放时长： 4:15
歌手： Beyond
专辑： 犹豫
发行时间： 1991-08-31 23:00:00
--------------------------------------------------------------------
165 . 我唱情歌给你听（大合唱串烧）  播放时长： 3:38
歌手： 李惠芹
专辑： 我唱情歌给你听（大合唱串烧）
发行时间： 2016-08-23 13:00:30
--------------------------------------------------------------------
166 . 都选C  播放时长： 3:54
歌手： 大鹏
专辑： 都选C
电影《缝纫机乐队》推广曲
发行时间： 2017-09-25 00:00:00
--------------------------------------------------------------------
167 . Best of 2012: Payphone/Call Me Maybe/Wide Awake/Starship/We Are Young  播放时长： 3:29
歌手： Anthem Lights
专辑： Anthem Lights Covers
发行时间： 2013-03-26 00:00:00
--------------------------------------------------------------------
168 . 樱花树下的约定  播放时长： 3:18
歌手： 武汉理工原创音乐工作室
专辑： 理音如此
发行时间： 2011-05-20 00:00:00
--------------------------------------------------------------------
169 . 偏爱  播放时长： 3:32
歌手： 张芸京
专辑： 仙剑奇侠传三 电视原声带
电视剧《仙剑奇侠传三》插曲
发行时间： 2009-06-18 00:00:00
--------------------------------------------------------------------
170 . Undress Rehearsal  播放时长： 3:34
歌手： Timeflies
专辑： Just For Fun (Deluxe)
发行时间： 2015-09-18 00:00:00
--------------------------------------------------------------------
171 . Fade  播放时长： 4:22
歌手： Alan Walker
专辑： Fade
发行时间： 2014-08-14 00:00:00
--------------------------------------------------------------------
172 . 南山南  播放时长： 5:24
歌手： 马頔
专辑： 南山南
发行时间： 2014-09-26 00:00:00
--------------------------------------------------------------------
173 . 七友  播放时长： 4:18
歌手： 梁汉文
专辑： 梁汉文集
发行时间： 2007-09-27 00:00:00
--------------------------------------------------------------------
174 . 犴达罕  播放时长： 4:43
歌手： 陈鸿宇
专辑： 犴达罕
发行时间： 2018-01-07 00:00:00
--------------------------------------------------------------------
175 . 小跳蛙  播放时长： 2:31
歌手： 青蛙
专辑： 我们爱音乐(首唱会赠送版)
发行时间： 2010-03-01 00:00:00
--------------------------------------------------------------------
176 . 雅俗共赏  播放时长： 4:09
歌手： 许嵩
专辑： 青年晚报
发行时间： 2016-04-27 10:16:37
--------------------------------------------------------------------
177 . Toca Toca (Radio Edit)  播放时长： 2:45
歌手： Fly Project
专辑： Toca Toca (The Remixes)
发行时间： 2014-02-13 00:00:00
--------------------------------------------------------------------
178 . 春风吹  播放时长： 3:20
歌手： 方大同
专辑： Soul Boy
发行时间： 2005-11-01 00:00:00
--------------------------------------------------------------------
179 . 年年  播放时长： 3:27
歌手： 徐秉龙
专辑： 年年
发行时间： 2018-01-05 00:00:00
--------------------------------------------------------------------
180 . A Little Story  播放时长： 3:26
歌手： Valentin
专辑： My View
发行时间： 2011-01-01 00:00:00
--------------------------------------------------------------------
181 . Go Time  播放时长： 2:16
歌手： Mark Petrie
专辑： Go Time
发行时间： 2014-01-01 00:00:00
--------------------------------------------------------------------
182 . Free Loop  播放时长： 3:48
歌手： Daniel Powter
专辑： Cf, Movie & Drama Hits 广告，开麦拉！
发行时间： 2007-12-14 00:00:00
--------------------------------------------------------------------
183 . 匆匆那年  播放时长： 4:00
歌手： 王菲
专辑： 匆匆那年
发行时间： 2014-11-05 00:00:00
--------------------------------------------------------------------
184 . For You  播放时长： 4:03
歌手： Liam Payne
专辑： For You
电影《五十度飞》主题曲
发行时间： 2018-01-05 00:00:00
--------------------------------------------------------------------
185 . East of Eden  播放时长： 3:05
歌手： Zella Day
专辑： East of Eden
发行时间： 2014-07-09 00:00:00
--------------------------------------------------------------------
186 . 相依为命  播放时长： 3:57
歌手： 陈小春
专辑： 十年选
发行时间： 2005-08-01 00:00:00
--------------------------------------------------------------------
187 . Clsr (Aash Mehta Flip)  播放时长： 4:41
歌手： Aash Mehta
专辑： Clsr (Aash Mehta Flip)
发行时间： 2016-08-16 00:00:00
--------------------------------------------------------------------
188 . Uptown Funk  播放时长： 4:30
歌手： Mark Ronson
专辑： Uptown Funk
发行时间： 2014-11-10 00:00:00
--------------------------------------------------------------------
189 . If You Feel My Love (Chaow Mix)  播放时长： 3:15
歌手： Blaxy Girls
专辑： If You Feel My Love
发行时间： 2008-12-15 00:00:00
--------------------------------------------------------------------
190 . 你就不要想起我  播放时长： 3:46
歌手： 于毅
专辑： 2017跨界歌王 第八期
原唱：田馥甄
发行时间： 2017-06-03 00:00:00
--------------------------------------------------------------------
191 . B What U Wanna B  播放时长： 3:30
歌手： Darin
专辑： Darin
发行时间： 2005-09-28 00:00:00
--------------------------------------------------------------------
192 . 好想你  播放时长： 1:45
歌手： 李雪莱
专辑： 李雪莱的Demo
发行时间： 2014-12-01 00:00:00
--------------------------------------------------------------------
193 . Look At Me Now  播放时长： 3:17
歌手： Charlie Puth
专辑： Ego
发行时间： 2013-10-01 00:00:00
--------------------------------------------------------------------
194 . 青柠  播放时长： 3:19
歌手： 徐秉龙
专辑： 青柠
发行时间： 2017-09-08 00:00:00
--------------------------------------------------------------------
