全部
//www.ziroom.com/z/nl/z2-d23008614-b18335647.html
//www.ziroom.com/z/nl/z2-d23008614-b18335704.html
//www.ziroom.com/z/nl/z2-d23008614-b18335662.html
//www.ziroom.com/z/nl/z2-d23008614-b611100445.html
//www.ziroom.com/z/nl/z2-d23008614-b611100338.html
//www.ziroom.com/z/nl/z2-d23008614-b611100336.html
//www.ziroom.com/z/nl/z2-d23008614-b611100442.html
//www.ziroom.com/z/nl/z2-d23008614-b611100444.html
//www.ziroom.com/z/nl/z2-d23008614-b18335645.html
//www.ziroom.com/z/nl/z2-d23008614-b18335644.html
//www.ziroom.com/z/nl/z2-d23008614-b18335666.html
//www.ziroom.com/z/nl/z2-d23008614-b18335641.html
//www.ziroom.com/z/nl/z2-d23008614-b611100335.html
//www.ziroom.com/z/nl/z2-d23008614-b611100443.html
//www.ziroom.com/z/nl/z2-d23008614-b611100447.html
//www.ziroom.com/z/nl/z2-d23008614-b18335665.html
//www.ziroom.com/z/nl/z2-d23008614-b611100337.html
//www.ziroom.com/z/nl/z2-d23008614-b18335667.html
//www.ziroom.com/z/nl/z2-d23008614-b611100331.html
//www.ziroom.com/z/nl/z2-d23008614-b18335646.html
//www.ziroom.com/z/nl/z2-d23008614-b18335648.html
全部
//www.ziroom.com/z/nl/z2-d23008626-b18335671.html
//www.ziroom.com/z/nl/z2-d23008626-b18335672.html
//www.ziroom.com/z/nl/z2-d23008626-b18335657.html
//www.ziroom.com/z/nl/z2-d23008626-b611100336.html
//www.ziroom.com/z/nl/z2-d23008626-b18335652.html
//www.ziroom.com/z/nl/z2-d23008626-b18335656.html
//www.ziroom.com/z/nl/z2-d23008626-b18335669.html
//www.ziroom.com/z/nl/z2-d23008626-b18335658.html
//www.ziroom.com/z/nl/z2-d23008626-b611100342.html
//www.ziroom.com/z/nl/z2-d23008626-b611100339.html
//www.ziroom.com/z/nl/z2-d23008626-b611100601.html
//www.ziroom.com/z/nl/z2-d23008626-b18335670.html
//www.ziroom.com/z/nl/z2-d23008626-b611100359.html
//www.ziroom.com/z/nl/z2-d23008626-b18335674.html
//www.ziroom.com/z/nl/z2-d23008626-b611100334.html
//www.ziroom.com/z/nl/z2-d23008626-b611100597.html
//www.ziroom.com/z/nl/z2-d23008626-b611100340.html
//www.ziroom.com/z/nl/z2-d23008626-b18335675.html
//www.ziroom.com/z/nl/z2-d23008626-b18335654.html
//www.ziroom.com/z/nl/z2-d23008626-b18335653.html
//www.ziroom.com/z/nl/z2-d23008626-b18335661.html
//www.ziroom.com/z/nl/z2-d23008626-b18335655.html
//www.ziroom.com/z/nl/z2-d23008626-b611100432.html
//www.ziroom.com/z/nl/z2-d23008626-b611100603.html
//www.ziroom.com/z/nl/z2-d23008626-b18335673.html
全部
//www.ziroom.com/z/nl/z2-d23008613-b611100323.html
//www.ziroom.com/z/nl/z2-d23008613-b18335704.html
//www.ziroom.com/z/nl/z2-d23008613-b611100412.html
//www.ziroom.com/z/nl/z2-d23008613-b611100330.html
//www.ziroom.com/z/nl/z2-d23008613-b18335715.html
//www.ziroom.com/z/nl/z2-d23008613-b611100328.html
//www.ziroom.com/z/nl/z2-d23008613-b611100332.html
//www.ziroom.com/z/nl/z2-d23008613-b611100448.html
//www.ziroom.com/z/nl/z2-d23008613-b18335739.html
//www.ziroom.com/z/nl/z2-d23008613-b18335729.html
//www.ziroom.com/z/nl/z2-d23008613-b18335735.html
//www.ziroom.com/z/nl/z2-d23008613-b611100329.html
//www.ziroom.com/z/nl/z2-d23008613-b18335724.html
//www.ziroom.com/z/nl/z2-d23008613-b18335713.html
//www.ziroom.com/z/nl/z2-d23008613-b611100320.html
//www.ziroom.com/z/nl/z2-d23008613-b611100326.html
//www.ziroom.com/z/nl/z2-d23008613-b18335780.html
//www.ziroom.com/z/nl/z2-d23008613-b611100322.html
//www.ziroom.com/z/nl/z2-d23008613-b18335666.html
//www.ziroom.com/z/nl/z2-d23008613-b18335723.html
//www.ziroom.com/z/nl/z2-d23008613-b18335726.html
//www.ziroom.com/z/nl/z2-d23008613-b611100325.html
//www.ziroom.com/z/nl/z2-d23008613-b18335734.html
//www.ziroom.com/z/nl/z2-d23008613-b18335779.html
//www.ziroom.com/z/nl/z2-d23008613-b18335641.html
//www.ziroom.com/z/nl/z2-d23008613-b611100333.html
//www.ziroom.com/z/nl/z2-d23008613-b611100324.html
//www.ziroom.com/z/nl/z2-d23008613-b18335718.html
//www.ziroom.com/z/nl/z2-d23008613-b18335743.html
//www.ziroom.com/z/nl/z2-d23008613-b611100481.html
//www.ziroom.com/z/nl/z2-d23008613-b18335737.html
//www.ziroom.com/z/nl/z2-d23008613-b611100446.html
//www.ziroom.com/z/nl/z2-d23008613-b18335710.html
//www.ziroom.com/z/nl/z2-d23008613-b611100601.html
//www.ziroom.com/z/nl/z2-d23008613-b611100327.html
//www.ziroom.com/z/nl/z2-d23008613-b611100318.html
//www.ziroom.com/z/nl/z2-d23008613-b611100368.html
//www.ziroom.com/z/nl/z2-d23008613-b611100698.html
//www.ziroom.com/z/nl/z2-d23008613-b18335727.html
//www.ziroom.com/z/nl/z2-d23008613-b18335714.html
//www.ziroom.com/z/nl/z2-d23008613-b18335716.html
//www.ziroom.com/z/nl/z2-d23008613-b18335717.html
//www.ziroom.com/z/nl/z2-d23008613-b18335741.html
//www.ziroom.com/z/nl/z2-d23008613-b18335728.html
//www.ziroom.com/z/nl/z2-d23008613-b18335647.html
//www.ziroom.com/z/nl/z2-d23008613-b18335707.html
//www.ziroom.com/z/nl/z2-d23008613-b611100602.html
//www.ziroom.com/z/nl/z2-d23008613-b18335721.html
//www.ziroom.com/z/nl/z2-d23008613-b18335742.html
//www.ziroom.com/z/nl/z2-d23008613-b613000370.html
//www.ziroom.com/z/nl/z2-d23008613-b18335644.html
//www.ziroom.com/z/nl/z2-d23008613-b611100316.html
//www.ziroom.com/z/nl/z2-d23008613-b18335709.html
//www.ziroom.com/z/nl/z2-d23008613-b18335740.html
//www.ziroom.com/z/nl/z2-d23008613-b18335730.html
//www.ziroom.com/z/nl/z2-d23008613-b611100319.html
//www.ziroom.com/z/nl/z2-d23008613-b18335711.html
//www.ziroom.com/z/nl/z2-d23008613-b611100321.html
//www.ziroom.com/z/nl/z2-d23008613-b18335722.html
//www.ziroom.com/z/nl/z2-d23008613-b18335706.html
//www.ziroom.com/z/nl/z2-d23008613-b611100315.html
全部
//www.ziroom.com/z/nl/z2-d23008618-b611100466.html
//www.ziroom.com/z/nl/z2-d23008618-b18335761.html
//www.ziroom.com/z/nl/z2-d23008618-b18335632.html
//www.ziroom.com/z/nl/z2-d23008618-b18335760.html
//www.ziroom.com/z/nl/z2-d23008618-b18335757.html
//www.ziroom.com/z/nl/z2-d23008618-b18335624.html
//www.ziroom.com/z/nl/z2-d23008618-b611100353.html
//www.ziroom.com/z/nl/z2-d23008618-b611100398.html
//www.ziroom.com/z/nl/z2-d23008618-b611100537.html
//www.ziroom.com/z/nl/z2-d23008618-b18335640.html
//www.ziroom.com/z/nl/z2-d23008618-b611100601.html
//www.ziroom.com/z/nl/z2-d23008618-b18335768.html
//www.ziroom.com/z/nl/z2-d23008618-b611100356.html
//www.ziroom.com/z/nl/z2-d23008618-b18335631.html
//www.ziroom.com/z/nl/z2-d23008618-b18335766.html
//www.ziroom.com/z/nl/z2-d23008618-b18335628.html
//www.ziroom.com/z/nl/z2-d23008618-b611100358.html
//www.ziroom.com/z/nl/z2-d23008618-b611100355.html
//www.ziroom.com/z/nl/z2-d23008618-b18335633.html
//www.ziroom.com/z/nl/z2-d23008618-b611100357.html
//www.ziroom.com/z/nl/z2-d23008618-b611100529.html
//www.ziroom.com/z/nl/z2-d23008618-b18335758.html
//www.ziroom.com/z/nl/z2-d23008618-b18335630.html
//www.ziroom.com/z/nl/z2-d23008618-b18335629.html
//www.ziroom.com/z/nl/z2-d23008618-b18335636.html
//www.ziroom.com/z/nl/z2-d23008618-b611100535.html
//www.ziroom.com/z/nl/z2-d23008618-b18335754.html
//www.ziroom.com/z/nl/z2-d23008618-b18335653.html
//www.ziroom.com/z/nl/z2-d23008618-b18335654.html
//www.ziroom.com/z/nl/z2-d23008618-b18335746.html
//www.ziroom.com/z/nl/z2-d23008618-b18335762.html
//www.ziroom.com/z/nl/z2-d23008618-b18335627.html
//www.ziroom.com/z/nl/z2-d23008618-b611100314.html
//www.ziroom.com/z/nl/z2-d23008618-b611100699.html
//www.ziroom.com/z/nl/z2-d23008618-b18335691.html
//www.ziroom.com/z/nl/z2-d23008618-b18335695.html
//www.ziroom.com/z/nl/z2-d23008618-b611100354.html
//www.ziroom.com/z/nl/z2-d23008618-b18335767.html
//www.ziroom.com/z/nl/z2-d23008618-b18335625.html
//www.ziroom.com/z/nl/z2-d23008618-b18335623.html
//www.ziroom.com/z/nl/z2-d23008618-b18335639.html
//www.ziroom.com/z/nl/z2-d23008618-b18335634.html
//www.ziroom.com/z/nl/z2-d23008618-b611100400.html
全部
//www.ziroom.com/z/nl/z2-d23008617-b611100596.html
//www.ziroom.com/z/nl/z2-d23008617-b611100347.html
//www.ziroom.com/z/nl/z2-d23008617-b611100332.html
//www.ziroom.com/z/nl/z2-d23008617-b611100351.html
//www.ziroom.com/z/nl/z2-d23008617-b18335680.html
//www.ziroom.com/z/nl/z2-d23008617-b18335681.html
//www.ziroom.com/z/nl/z2-d23008617-b611100397.html
//www.ziroom.com/z/nl/z2-d23008617-b18335676.html
//www.ziroom.com/z/nl/z2-d23008617-b611100345.html
//www.ziroom.com/z/nl/z2-d23008617-b611100352.html
//www.ziroom.com/z/nl/z2-d23008617-b611100547.html
//www.ziroom.com/z/nl/z2-d23008617-b611100343.html
//www.ziroom.com/z/nl/z2-d23008617-b18335782.html
//www.ziroom.com/z/nl/z2-d23008617-b18335679.html
//www.ziroom.com/z/nl/z2-d23008617-b611100349.html
//www.ziroom.com/z/nl/z2-d23008617-b611100348.html
//www.ziroom.com/z/nl/z2-d23008617-b18335683.html
//www.ziroom.com/z/nl/z2-d23008617-b18335682.html
//www.ziroom.com/z/nl/z2-d23008617-b18335684.html
//www.ziroom.com/z/nl/z2-d23008617-b611100341.html
//www.ziroom.com/z/nl/z2-d23008617-b611100573.html
//www.ziroom.com/z/nl/z2-d23008617-b18335685.html
//www.ziroom.com/z/nl/z2-d23008617-b611100350.html
//www.ziroom.com/z/nl/z2-d23008617-b18335686.html
//www.ziroom.com/z/nl/z2-d23008617-b18335773.html
//www.ziroom.com/z/nl/z2-d23008617-b18335630.html
//www.ziroom.com/z/nl/z2-d23008617-b611100337.html
//www.ziroom.com/z/nl/z2-d23008617-b611100609.html
//www.ziroom.com/z/nl/z2-d23008617-b18335678.html
//www.ziroom.com/z/nl/z2-d23008617-b18335689.html
//www.ziroom.com/z/nl/z2-d23008617-b18335687.html
//www.ziroom.com/z/nl/z2-d23008617-b611100344.html
全部
//www.ziroom.com/z/nl/z2-d23008623-b18335692.html
//www.ziroom.com/z/nl/z2-d23008623-b18335693.html
//www.ziroom.com/z/nl/z2-d23008623-b18335694.html
//www.ziroom.com/z/nl/z2-d23008623-b18335698.html
//www.ziroom.com/z/nl/z2-d23008623-b18335696.html
//www.ziroom.com/z/nl/z2-d23008623-b18335691.html
//www.ziroom.com/z/nl/z2-d23008623-b18335695.html
//www.ziroom.com/z/nl/z2-d23008623-b611100577.html
全部
//www.ziroom.com/z/nl/z2-d23008625-b611100366.html
//www.ziroom.com/z/nl/z2-d23008625-b18335701.html
//www.ziroom.com/z/nl/z2-d23008625-b611100531.html
//www.ziroom.com/z/nl/z2-d23008625-b611100365.html
//www.ziroom.com/z/nl/z2-d23008625-b18335700.html
//www.ziroom.com/z/nl/z2-d23008625-b611100346.html
//www.ziroom.com/z/nl/z2-d23008625-b18335778.html
//www.ziroom.com/z/nl/z2-d23008625-b611100367.html
//www.ziroom.com/z/nl/z2-d23008625-b18335699.html
//www.ziroom.com/z/nl/z2-d23008625-b611100405.html
//www.ziroom.com/z/nl/z2-d23008625-b18335703.html
//www.ziroom.com/z/nl/z2-d23008625-b18335702.html
//www.ziroom.com/z/nl/z2-d23008625-b611100536.html
全部
//www.ziroom.com/z/nl/z2-d23008611-b611100308.html
//www.ziroom.com/z/nl/z2-d23008611-b611100392.html
//www.ziroom.com/z/nl/z2-d23008611-b611100800.html
//www.ziroom.com/z/nl/z2-d23008611-b611100797.html
//www.ziroom.com/z/nl/z2-d23008611-b18335745.html
//www.ziroom.com/z/nl/z2-d23008611-b611100310.html
//www.ziroom.com/z/nl/z2-d23008611-b18335744.html
//www.ziroom.com/z/nl/z2-d23008611-b611100311.html
//www.ziroom.com/z/nl/z2-d23008611-b611100801.html
//www.ziroom.com/z/nl/z2-d23008611-b611100309.html
//www.ziroom.com/z/nl/z2-d23008611-b18335747.html
//www.ziroom.com/z/nl/z2-d23008611-b611100796.html
//www.ziroom.com/z/nl/z2-d23008611-b18335746.html
//www.ziroom.com/z/nl/z2-d23008611-b611100313.html
//www.ziroom.com/z/nl/z2-d23008611-b611100466.html
//www.ziroom.com/z/nl/z2-d23008611-b611100314.html
全部
//www.ziroom.com/z/nl/z2-d23008615-b611100395.html
//www.ziroom.com/z/nl/z2-d23008615-b611100614.html
//www.ziroom.com/z/nl/z2-d23008615-b611100612.html
//www.ziroom.com/z/nl/z2-d23008615-b611100613.html
//www.ziroom.com/z/nl/z2-d23008615-b611100611.html
//www.ziroom.com/z/nl/z2-d23008615-b18335749.html
//www.ziroom.com/z/nl/z2-d23008615-b611100343.html
//www.ziroom.com/z/nl/z2-d23008615-b611100610.html
//www.ziroom.com/z/nl/z2-d23008615-b18335751.html
//www.ziroom.com/z/nl/z2-d23008615-b611100595.html
//www.ziroom.com/z/nl/z2-d23008615-b611100608.html
//www.ziroom.com/z/nl/z2-d23008615-b1100002094.html
//www.ziroom.com/z/nl/z2-d23008615-b1100002092.html
//www.ziroom.com/z/nl/z2-d23008615-b1100002093.html
//www.ziroom.com/z/nl/z2-d23008615-b18335748.html
//www.ziroom.com/z/nl/z2-d23008615-b1100004031.html
//www.ziroom.com/z/nl/z2-d23008615-b1100005681.html
全部
//www.ziroom.com/z/nl/z2-d23008624-b611100364.html
//www.ziroom.com/z/nl/z2-d23008624-b611100361.html
//www.ziroom.com/z/nl/z2-d23008624-b611100362.html
//www.ziroom.com/z/nl/z2-d23008624-b611100360.html
//www.ziroom.com/z/nl/z2-d23008624-b611100404.html
//www.ziroom.com/z/nl/z2-d23008624-b18335738.html
//www.ziroom.com/z/nl/z2-d23008624-b611100363.html
//www.ziroom.com/z/nl/z2-d23008624-b18335770.html
全部
//www.ziroom.com/z/nl/z2-d23008616-b611100697.html
//www.ziroom.com/z/nl/z2-d23008616-b611100696.html
//www.ziroom.com/z/nl/z2-d23008616-b611100711.html
//www.ziroom.com/z/nl/z2-d23008616-b611100396.html
全部
//www.ziroom.com/z/nl/z2-d23008620-b611100400.html
//www.ziroom.com/z/nl/z2-d23008620-b611100710.html
//www.ziroom.com/z/nl/z2-d23008620-b611100719.html
//www.ziroom.com/z/nl/z2-d23008620-b611100716.html
//www.ziroom.com/z/nl/z2-d23008620-b611100717.html
//www.ziroom.com/z/nl/z2-d23008620-b611100718.html
//www.ziroom.com/z/nl/z2-d23008620-b611100403.html
全部
//www.ziroom.com/z/nl/z2-d23008629-b18335778.html
//www.ziroom.com/z/nl/z2-d23008629-b18335750.html
//www.ziroom.com/z/nl/z2-d23008629-b611100595.html
==================urls num: 258
http://www.ziroom.com/z/nl/z2-d23008613-b18335729.html
http://www.ziroom.com/z/nl/z2-d23008613-b18335729.html _________________op
13
http://static8.ziroom.com/phoenix/pc/images/price/e1b89727400c2b61fe1018661fada079s.png
{u'error_code': 17, u'error_msg': u'Open api daily request limit reached'}
http://static8.ziroom.com/phoenix/pc/images/price/2e5de016645b8deee948bceb5932e4c5s.png
{u'error_code': 17, u'error_msg': u'Open api daily request limit reached'}
http://static8.ziroom.com/phoenix/pc/images/price/6a071f1801b68c152f411774f14d443fs.png
{u'error_code': 17, u'error_msg': u'Open api daily request limit reached'}
http://static8.ziroom.com/phoenix/pc/images/price/6b8a3fdb72f557032810e060e3cd52b3s.png
{u'error_code': 17, u'error_msg': u'Open api daily request limit reached'}
http://static8.ziroom.com/phoenix/pc/images/price/d4c2fe6d83edbc2ba65f9f05df63f8bcs.png
{u'error_code': 17, u'error_msg': u'Open api daily request limit reached'}
http://static8.ziroom.com/phoenix/pc/images/price/2e5de016645b8deee948bceb5932e4c5s.png
{u'error_code': 17, u'error_msg': u'Open api daily request limit reached'}
http://static8.ziroom.com/phoenix/pc/images/price/9f3ec377d708b42e848160072ba83b6as.png
{u'error_code': 17, u'error_msg': u'Open api daily request limit reached'}
http://static8.ziroom.com/phoenix/pc/images/price/9f3ec377d708b42e848160072ba83b6as.png
{u'error_code': 17, u'error_msg': u'Open api daily request limit reached'}
http://static8.ziroom.com/phoenix/pc/images/price/aacd14fbc53a106c7f0f0d667535683as.png
{u'error_code': 17, u'error_msg': u'Open api daily request limit reached'}
